  VoxelGICore.cpp
C:\_myDrive\repos\TigerEngine\gfx\input.h(176,20): warning C4244: 'argument': conversion from 'double' to 'float', possible loss of data
  (compiling source file 'VoxelGICore.cpp')
  
C:\_myDrive\repos\TigerEngine\gfx\input.h(175,29): warning C4244: 'argument': conversion from 'double' to 'float', possible loss of data
  (compiling source file 'VoxelGICore.cpp')
  
C:\_myDrive\repos\TigerEngine\gfx\input.h(189,29): warning C4267: 'initializing': conversion from 'size_t' to 'int', possible loss of data
  (compiling source file 'VoxelGICore.cpp')
  
C:\_myDrive\repos\TigerEngine\gfx\input.h(197,31): warning C4267: 'initializing': conversion from 'size_t' to 'int', possible loss of data
  (compiling source file 'VoxelGICore.cpp')
  
C:\_myDrive\repos\TigerEngine\gfx\renderer.h(106,34): warning C4267: '=': conversion from 'size_t' to 'int', possible loss of data
  (compiling source file 'VoxelGICore.cpp')
  
C:\_myDrive\repos\TigerEngine\gfx\texture.h(17,8): warning C4099: 'texture': type name first seen using 'class' now seen using 'struct'
  (compiling source file 'VoxelGICore.cpp')
      C:\_myDrive\repos\TigerEngine\gfx\texture.h(17,8):
      see declaration of 'texture'
  
C:\_myDrive\repos\TigerEngine\gfx\texture.h(104,31): warning C4267: 'argument': conversion from 'size_t' to 'GLenum', possible loss of data
  (compiling source file 'VoxelGICore.cpp')
  
C:\Program Files (x86)\Windows Kits\10\Include\10.0.26100.0\shared\minwindef.h(130,9): warning C4005: 'APIENTRY': macro redefinition
  (compiling source file 'VoxelGICore.cpp')
      C:\_myDrive\repos\TigerEngine\include\GLFW\glfw3.h(123,11):
      see previous definition of 'APIENTRY'
  
C:\_myDrive\repos\TigerEngine\gfx\repositories.h(10,7): warning C4099: 'texture': type name first seen using 'struct' now seen using 'class'
  (compiling source file 'VoxelGICore.cpp')
      C:\_myDrive\repos\TigerEngine\gfx\texture.h(17,8):
      see declaration of 'texture'
  
C:\_myDrive\repos\TigerEngine\gfx\gameObject.h(3,10): warning C4067: unexpected tokens following preprocessor directive - expected a newline
  (compiling source file 'VoxelGICore.cpp')
  
C:\_myDrive\repos\TigerEngine\gfxmath\color.h(37,29): warning C4244: 'argument': conversion from 'float' to 'unsigned char', possible loss of data
  (compiling source file 'VoxelGICore.cpp')
  
C:\_myDrive\repos\TigerEngine\gfxmath\color.h(38,20): warning C4244: 'argument': conversion from 'float' to 'unsigned char', possible loss of data
  (compiling source file 'VoxelGICore.cpp')
  
C:\_myDrive\repos\TigerEngine\gfxmath\color.h(39,20): warning C4244: 'argument': conversion from 'float' to 'unsigned char', possible loss of data
  (compiling source file 'VoxelGICore.cpp')
  
C:\_myDrive\repos\TigerEngine\gfxmath\color.h(40,20): warning C4244: 'argument': conversion from 'float' to 'unsigned char', possible loss of data
  (compiling source file 'VoxelGICore.cpp')
  
C:\_myDrive\repos\TigerEngine\gfxmath\color.h(45,29): warning C4244: 'argument': conversion from 'float' to 'unsigned char', possible loss of data
  (compiling source file 'VoxelGICore.cpp')
  
C:\_myDrive\repos\TigerEngine\gfxmath\color.h(46,20): warning C4244: 'argument': conversion from 'float' to 'unsigned char', possible loss of data
  (compiling source file 'VoxelGICore.cpp')
  
C:\_myDrive\repos\TigerEngine\gfxmath\color.h(47,20): warning C4244: 'argument': conversion from 'float' to 'unsigned char', possible loss of data
  (compiling source file 'VoxelGICore.cpp')
  
C:\_myDrive\repos\TigerEngine\gfxmath\color.h(48,20): warning C4244: 'argument': conversion from 'float' to 'unsigned char', possible loss of data
  (compiling source file 'VoxelGICore.cpp')
  
C:\_myDrive\repos\TigerEngine\gfx\light.h(8,7): warning C4099: 'texture': type name first seen using 'struct' now seen using 'class'
  (compiling source file 'VoxelGICore.cpp')
      C:\_myDrive\repos\TigerEngine\gfx\texture.h(17,8):
      see declaration of 'texture'
  
C:\_myDrive\repos\TigerEngine\gfx\pointLight.h(6,7): warning C4099: 'texture': type name first seen using 'struct' now seen using 'class'
  (compiling source file 'VoxelGICore.cpp')
      C:\_myDrive\repos\TigerEngine\gfx\texture.h(17,8):
      see declaration of 'texture'
  
C:\_myDrive\repos\TigerEngine\gfx\VoxelGICore.cpp(347,26): warning C4267: 'initializing': conversion from 'size_t' to 'int', possible loss of data
C:\_myDrive\repos\TigerEngine\gfx\VoxelGICore.cpp(491,31): warning C4267: 'argument': conversion from 'size_t' to 'GLuint', possible loss of data
C:\_myDrive\repos\TigerEngine\gfx\VoxelGICore.cpp(490,31): warning C4267: 'argument': conversion from 'size_t' to 'GLuint', possible loss of data
C:\_myDrive\repos\TigerEngine\gfx\VoxelGICore.cpp(489,45): warning C4267: 'argument': conversion from 'size_t' to 'GLuint', possible loss of data
C:\_myDrive\repos\TigerEngine\gfx\VoxelGICore.cpp(514,28): warning C4305: '-=': truncation from 'double' to 'float'
C:\_myDrive\repos\TigerEngine\gfx\VoxelGICore.cpp(518,28): warning C4305: '+=': truncation from 'double' to 'float'
C:\_myDrive\repos\TigerEngine\gfx\VoxelGICore.cpp(522,29): warning C4305: '-=': truncation from 'double' to 'float'
C:\_myDrive\repos\TigerEngine\gfx\VoxelGICore.cpp(525,29): warning C4305: '+=': truncation from 'double' to 'float'
C:\_myDrive\repos\TigerEngine\gfx\VoxelGICore.cpp(529,29): warning C4305: '-=': truncation from 'double' to 'float'
C:\_myDrive\repos\TigerEngine\gfx\VoxelGICore.cpp(533,29): warning C4305: '+=': truncation from 'double' to 'float'
C:\_myDrive\repos\TigerEngine\gfx\VoxelGICore.cpp(536,29): warning C4305: '-=': truncation from 'double' to 'float'
C:\_myDrive\repos\TigerEngine\gfx\VoxelGICore.cpp(540,29): warning C4305: '+=': truncation from 'double' to 'float'
C:\_myDrive\repos\TigerEngine\gfx\VoxelGICore.cpp(544,29): warning C4305: '-=': truncation from 'double' to 'float'
C:\_myDrive\repos\TigerEngine\gfx\VoxelGICore.cpp(548,29): warning C4305: '+=': truncation from 'double' to 'float'
C:\_myDrive\repos\TigerEngine\gfx\VoxelGICore.cpp(553,57): warning C4267: 'argument': conversion from 'size_t' to 'GLint', possible loss of data
C:\_myDrive\repos\TigerEngine\gfx\VoxelGICore.cpp(606,45): warning C4267: 'argument': conversion from 'size_t' to 'GLuint', possible loss of data
C:\_myDrive\repos\TigerEngine\gfx\VoxelGICore.cpp(605,45): warning C4267: 'argument': conversion from 'size_t' to 'GLuint', possible loss of data
C:\_myDrive\repos\TigerEngine\gfx\VoxelGICore.cpp(604,59): warning C4267: 'argument': conversion from 'size_t' to 'GLuint', possible loss of data
C:\_myDrive\repos\TigerEngine\gfx\VoxelGICore.cpp(766,34): warning C4244: 'argument': conversion from 'float' to 'GLuint', possible loss of data
C:\_myDrive\repos\TigerEngine\gfx\VoxelGICore.cpp(798,110): warning C4244: 'argument': conversion from 'int' to 'float', possible loss of data
C:\_myDrive\repos\TigerEngine\gfx\VoxelGICore.cpp(798,68): warning C4244: 'argument': conversion from 'int' to 'float', possible loss of data
C:\_myDrive\repos\TigerEngine\gfx\VoxelGICore.cpp(805,108): warning C4244: 'argument': conversion from 'float' to 'GLint', possible loss of data
C:\_myDrive\repos\TigerEngine\gfx\VoxelGICore.cpp(805,88): warning C4244: 'argument': conversion from 'float' to 'GLint', possible loss of data
C:\_myDrive\repos\TigerEngine\gfx\VoxelGICore.cpp(805,62): warning C4244: 'argument': conversion from 'float' to 'GLint', possible loss of data
C:\_myDrive\repos\TigerEngine\gfx\VoxelGICore.cpp(805,42): warning C4244: 'argument': conversion from 'float' to 'GLint', possible loss of data
C:\_myDrive\repos\TigerEngine\gfx\VoxelGICore.cpp(831,47): warning C4244: 'argument': conversion from 'float' to 'GLsizei', possible loss of data
C:\_myDrive\repos\TigerEngine\gfx\VoxelGICore.cpp(831,31): warning C4244: 'argument': conversion from 'float' to 'GLsizei', possible loss of data
  material.cpp
C:\_myDrive\repos\TigerEngine\gfx\gameObject.h(3,10): warning C4067: unexpected tokens following preprocessor directive - expected a newline
  (compiling source file 'material.cpp')
  
C:\_myDrive\repos\TigerEngine\gfx\input.h(176,20): warning C4244: 'argument': conversion from 'double' to 'float', possible loss of data
  (compiling source file 'material.cpp')
  
C:\_myDrive\repos\TigerEngine\gfx\input.h(175,29): warning C4244: 'argument': conversion from 'double' to 'float', possible loss of data
  (compiling source file 'material.cpp')
  
C:\_myDrive\repos\TigerEngine\gfx\input.h(189,29): warning C4267: 'initializing': conversion from 'size_t' to 'int', possible loss of data
  (compiling source file 'material.cpp')
  
C:\_myDrive\repos\TigerEngine\gfx\input.h(197,31): warning C4267: 'initializing': conversion from 'size_t' to 'int', possible loss of data
  (compiling source file 'material.cpp')
  
C:\_myDrive\repos\TigerEngine\gfx\renderer.h(106,34): warning C4267: '=': conversion from 'size_t' to 'int', possible loss of data
  (compiling source file 'material.cpp')
  
C:\_myDrive\repos\TigerEngine\gfxmath\color.h(37,29): warning C4244: 'argument': conversion from 'float' to 'unsigned char', possible loss of data
  (compiling source file 'material.cpp')
  
C:\_myDrive\repos\TigerEngine\gfxmath\color.h(38,20): warning C4244: 'argument': conversion from 'float' to 'unsigned char', possible loss of data
  (compiling source file 'material.cpp')
  
C:\_myDrive\repos\TigerEngine\gfxmath\color.h(39,20): warning C4244: 'argument': conversion from 'float' to 'unsigned char', possible loss of data
  (compiling source file 'material.cpp')
  
C:\_myDrive\repos\TigerEngine\gfxmath\color.h(40,20): warning C4244: 'argument': conversion from 'float' to 'unsigned char', possible loss of data
  (compiling source file 'material.cpp')
  
C:\_myDrive\repos\TigerEngine\gfxmath\color.h(45,29): warning C4244: 'argument': conversion from 'float' to 'unsigned char', possible loss of data
  (compiling source file 'material.cpp')
  
C:\_myDrive\repos\TigerEngine\gfxmath\color.h(46,20): warning C4244: 'argument': conversion from 'float' to 'unsigned char', possible loss of data
  (compiling source file 'material.cpp')
  
C:\_myDrive\repos\TigerEngine\gfxmath\color.h(47,20): warning C4244: 'argument': conversion from 'float' to 'unsigned char', possible loss of data
  (compiling source file 'material.cpp')
  
C:\_myDrive\repos\TigerEngine\gfxmath\color.h(48,20): warning C4244: 'argument': conversion from 'float' to 'unsigned char', possible loss of data
  (compiling source file 'material.cpp')
  
C:\Program Files (x86)\Windows Kits\10\Include\10.0.26100.0\shared\minwindef.h(130,9): warning C4005: 'APIENTRY': macro redefinition
  (compiling source file 'material.cpp')
      C:\_myDrive\repos\TigerEngine\include\GLFW\glfw3.h(123,11):
      see previous definition of 'APIENTRY'
  
  pointLight.cpp
C:\_myDrive\repos\TigerEngine\gfx\input.h(176,20): warning C4244: 'argument': conversion from 'double' to 'float', possible loss of data
  (compiling source file 'pointLight.cpp')
  
C:\_myDrive\repos\TigerEngine\gfx\input.h(175,29): warning C4244: 'argument': conversion from 'double' to 'float', possible loss of data
  (compiling source file 'pointLight.cpp')
  
C:\_myDrive\repos\TigerEngine\gfx\input.h(189,29): warning C4267: 'initializing': conversion from 'size_t' to 'int', possible loss of data
  (compiling source file 'pointLight.cpp')
  
C:\_myDrive\repos\TigerEngine\gfx\input.h(197,31): warning C4267: 'initializing': conversion from 'size_t' to 'int', possible loss of data
  (compiling source file 'pointLight.cpp')
  
C:\_myDrive\repos\TigerEngine\gfx\renderer.h(106,34): warning C4267: '=': conversion from 'size_t' to 'int', possible loss of data
  (compiling source file 'pointLight.cpp')
  
C:\_myDrive\repos\TigerEngine\gfxmath\color.h(37,29): warning C4244: 'argument': conversion from 'float' to 'unsigned char', possible loss of data
  (compiling source file 'pointLight.cpp')
  
C:\_myDrive\repos\TigerEngine\gfxmath\color.h(38,20): warning C4244: 'argument': conversion from 'float' to 'unsigned char', possible loss of data
  (compiling source file 'pointLight.cpp')
  
C:\_myDrive\repos\TigerEngine\gfxmath\color.h(39,20): warning C4244: 'argument': conversion from 'float' to 'unsigned char', possible loss of data
  (compiling source file 'pointLight.cpp')
  
C:\_myDrive\repos\TigerEngine\gfxmath\color.h(40,20): warning C4244: 'argument': conversion from 'float' to 'unsigned char', possible loss of data
  (compiling source file 'pointLight.cpp')
  
C:\_myDrive\repos\TigerEngine\gfxmath\color.h(45,29): warning C4244: 'argument': conversion from 'float' to 'unsigned char', possible loss of data
  (compiling source file 'pointLight.cpp')
  
C:\_myDrive\repos\TigerEngine\gfxmath\color.h(46,20): warning C4244: 'argument': conversion from 'float' to 'unsigned char', possible loss of data
  (compiling source file 'pointLight.cpp')
  
C:\_myDrive\repos\TigerEngine\gfxmath\color.h(47,20): warning C4244: 'argument': conversion from 'float' to 'unsigned char', possible loss of data
  (compiling source file 'pointLight.cpp')
  
C:\_myDrive\repos\TigerEngine\gfxmath\color.h(48,20): warning C4244: 'argument': conversion from 'float' to 'unsigned char', possible loss of data
  (compiling source file 'pointLight.cpp')
  
C:\Program Files (x86)\Windows Kits\10\Include\10.0.26100.0\shared\minwindef.h(130,9): warning C4005: 'APIENTRY': macro redefinition
  (compiling source file 'pointLight.cpp')
      C:\_myDrive\repos\TigerEngine\include\GLFW\glfw3.h(123,11):
      see previous definition of 'APIENTRY'
  
C:\_myDrive\repos\TigerEngine\gfx\gameObject.h(3,10): warning C4067: unexpected tokens following preprocessor directive - expected a newline
  (compiling source file 'pointLight.cpp')
  
C:\_myDrive\repos\TigerEngine\gfx\texture.h(17,8): warning C4099: 'texture': type name first seen using 'class' now seen using 'struct'
  (compiling source file 'pointLight.cpp')
      C:\_myDrive\repos\TigerEngine\gfx\texture.h(17,8):
      see declaration of 'texture'
  
C:\_myDrive\repos\TigerEngine\gfx\texture.h(104,31): warning C4267: 'argument': conversion from 'size_t' to 'GLenum', possible loss of data
  (compiling source file 'pointLight.cpp')
  
C:\_myDrive\repos\TigerEngine\gfx\pointLight.cpp(50,71): warning C4244: 'argument': conversion from 'GLuint' to 'float', possible loss of data
C:\_myDrive\repos\TigerEngine\gfx\pointLight.cpp(50,49): warning C4244: 'argument': conversion from 'GLuint' to 'float', possible loss of data
C:\_myDrive\repos\TigerEngine\gfx\pointLight.cpp(185,24): warning C4267: 'argument': conversion from 'size_t' to 'GLsizei', possible loss of data
C:\_myDrive\repos\TigerEngine\gfx\pointLight.cpp(185,19): warning C4267: 'argument': conversion from 'size_t' to 'GLsizei', possible loss of data
C:\_myDrive\repos\TigerEngine\gfx\pointLight.cpp(191,50): warning C4267: 'argument': conversion from 'size_t' to '_Ty', possible loss of data
C:\_myDrive\repos\TigerEngine\gfx\pointLight.cpp(191,50): warning C4267:         with
C:\_myDrive\repos\TigerEngine\gfx\pointLight.cpp(191,50): warning C4267:         [
C:\_myDrive\repos\TigerEngine\gfx\pointLight.cpp(191,50): warning C4267:             _Ty=unsigned int
C:\_myDrive\repos\TigerEngine\gfx\pointLight.cpp(191,50): warning C4267:         ]
C:\_myDrive\repos\TigerEngine\gfx\pointLight.cpp(195,37): warning C4267: 'argument': conversion from 'size_t' to 'GLsizei', possible loss of data
C:\_myDrive\repos\TigerEngine\gfx\pointLight.cpp(235,30): warning C4244: 'argument': conversion from 'int' to 'float', possible loss of data
C:\_myDrive\repos\TigerEngine\gfx\pointLight.cpp(239,27): warning C4244: 'argument': conversion from 'int' to 'float', possible loss of data
C:\_myDrive\repos\TigerEngine\gfx\pointLight.cpp(243,31): warning C4244: 'argument': conversion from 'int' to 'float', possible loss of data
C:\_myDrive\repos\TigerEngine\gfx\pointLight.cpp(392,16): warning C4244: 'initializing': conversion from 'int' to 'float', possible loss of data
C:\_myDrive\repos\TigerEngine\gfx\pointLight.cpp(393,17): warning C4244: 'initializing': conversion from 'int' to 'float', possible loss of data
  pointLightGI.cpp
C:\_myDrive\repos\TigerEngine\gfx\input.h(176,20): warning C4244: 'argument': conversion from 'double' to 'float', possible loss of data
  (compiling source file 'pointLightGI.cpp')
  
C:\_myDrive\repos\TigerEngine\gfx\input.h(175,29): warning C4244: 'argument': conversion from 'double' to 'float', possible loss of data
  (compiling source file 'pointLightGI.cpp')
  
C:\_myDrive\repos\TigerEngine\gfx\input.h(189,29): warning C4267: 'initializing': conversion from 'size_t' to 'int', possible loss of data
  (compiling source file 'pointLightGI.cpp')
  
C:\_myDrive\repos\TigerEngine\gfx\input.h(197,31): warning C4267: 'initializing': conversion from 'size_t' to 'int', possible loss of data
  (compiling source file 'pointLightGI.cpp')
  
C:\_myDrive\repos\TigerEngine\gfx\renderer.h(106,34): warning C4267: '=': conversion from 'size_t' to 'int', possible loss of data
  (compiling source file 'pointLightGI.cpp')
  
C:\_myDrive\repos\TigerEngine\gfxmath\color.h(37,29): warning C4244: 'argument': conversion from 'float' to 'unsigned char', possible loss of data
  (compiling source file 'pointLightGI.cpp')
  
C:\_myDrive\repos\TigerEngine\gfxmath\color.h(38,20): warning C4244: 'argument': conversion from 'float' to 'unsigned char', possible loss of data
  (compiling source file 'pointLightGI.cpp')
  
C:\_myDrive\repos\TigerEngine\gfxmath\color.h(39,20): warning C4244: 'argument': conversion from 'float' to 'unsigned char', possible loss of data
  (compiling source file 'pointLightGI.cpp')
  
C:\_myDrive\repos\TigerEngine\gfxmath\color.h(40,20): warning C4244: 'argument': conversion from 'float' to 'unsigned char', possible loss of data
  (compiling source file 'pointLightGI.cpp')
  
C:\_myDrive\repos\TigerEngine\gfxmath\color.h(45,29): warning C4244: 'argument': conversion from 'float' to 'unsigned char', possible loss of data
  (compiling source file 'pointLightGI.cpp')
  
C:\_myDrive\repos\TigerEngine\gfxmath\color.h(46,20): warning C4244: 'argument': conversion from 'float' to 'unsigned char', possible loss of data
  (compiling source file 'pointLightGI.cpp')
  
C:\_myDrive\repos\TigerEngine\gfxmath\color.h(47,20): warning C4244: 'argument': conversion from 'float' to 'unsigned char', possible loss of data
  (compiling source file 'pointLightGI.cpp')
  
C:\_myDrive\repos\TigerEngine\gfxmath\color.h(48,20): warning C4244: 'argument': conversion from 'float' to 'unsigned char', possible loss of data
  (compiling source file 'pointLightGI.cpp')
  
C:\Program Files (x86)\Windows Kits\10\Include\10.0.26100.0\shared\minwindef.h(130,9): warning C4005: 'APIENTRY': macro redefinition
  (compiling source file 'pointLightGI.cpp')
      C:\_myDrive\repos\TigerEngine\include\GLFW\glfw3.h(123,11):
      see previous definition of 'APIENTRY'
  
C:\_myDrive\repos\TigerEngine\gfx\texture.h(17,8): warning C4099: 'texture': type name first seen using 'class' now seen using 'struct'
  (compiling source file 'pointLightGI.cpp')
      C:\_myDrive\repos\TigerEngine\gfx\texture.h(17,8):
      see declaration of 'texture'
  
C:\_myDrive\repos\TigerEngine\gfx\texture.h(104,31): warning C4267: 'argument': conversion from 'size_t' to 'GLenum', possible loss of data
  (compiling source file 'pointLightGI.cpp')
  
C:\_myDrive\repos\TigerEngine\gfx\pointLightGI.cpp(331,23): warning C4244: 'initializing': conversion from 'int' to 'float', possible loss of data
C:\_myDrive\repos\TigerEngine\gfx\pointLightGI.cpp(332,24): warning C4244: 'initializing': conversion from 'int' to 'float', possible loss of data
C:\_myDrive\repos\TigerEngine\gfx\pointLightGI.cpp(344,52): warning C4244: 'argument': conversion from 'float' to 'size_t', possible loss of data
C:\_myDrive\repos\TigerEngine\gfx\pointLightGI.cpp(344,29): warning C4244: 'argument': conversion from 'float' to 'size_t', possible loss of data
C:\_myDrive\repos\TigerEngine\gfx\pointLightGI.cpp(353,18): warning C4244: 'argument': conversion from 'float' to 'size_t', possible loss of data
C:\_myDrive\repos\TigerEngine\gfx\pointLightGI.cpp(352,54): warning C4244: 'argument': conversion from 'float' to 'size_t', possible loss of data
C:\_myDrive\repos\TigerEngine\gfx\pointLightGI.cpp(360,42): warning C4244: 'argument': conversion from 'float' to 'GLsizei', possible loss of data
C:\_myDrive\repos\TigerEngine\gfx\pointLightGI.cpp(360,19): warning C4244: 'argument': conversion from 'float' to 'GLsizei', possible loss of data
C:\_myDrive\repos\TigerEngine\gfx\pointLightGI.cpp(431,77): warning C4267: 'argument': conversion from 'size_t' to 'GLsizei', possible loss of data
C:\_myDrive\repos\TigerEngine\gfx\pointLightGI.cpp(431,46): warning C4267: 'argument': conversion from 'size_t' to 'GLsizei', possible loss of data
C:\_myDrive\repos\TigerEngine\gfx\pointLightGI.cpp(480,34): warning C4244: 'argument': conversion from 'size_t' to 'float', possible loss of data
C:\_myDrive\repos\TigerEngine\gfx\pointLightGI.cpp(479,46): warning C4244: 'argument': conversion from 'size_t' to 'float', possible loss of data
C:\_myDrive\repos\TigerEngine\gfx\pointLightGI.cpp(657,16): warning C4244: 'initializing': conversion from 'int' to 'float', possible loss of data
C:\_myDrive\repos\TigerEngine\gfx\pointLightGI.cpp(658,17): warning C4244: 'initializing': conversion from 'int' to 'float', possible loss of data
  renderer.cpp
C:\_myDrive\repos\TigerEngine\gfx\input.h(176,20): warning C4244: 'argument': conversion from 'double' to 'float', possible loss of data
  (compiling source file 'renderer.cpp')
  
C:\_myDrive\repos\TigerEngine\gfx\input.h(175,29): warning C4244: 'argument': conversion from 'double' to 'float', possible loss of data
  (compiling source file 'renderer.cpp')
  
C:\_myDrive\repos\TigerEngine\gfx\input.h(189,29): warning C4267: 'initializing': conversion from 'size_t' to 'int', possible loss of data
  (compiling source file 'renderer.cpp')
  
C:\_myDrive\repos\TigerEngine\gfx\input.h(197,31): warning C4267: 'initializing': conversion from 'size_t' to 'int', possible loss of data
  (compiling source file 'renderer.cpp')
  
C:\_myDrive\repos\TigerEngine\gfx\renderer.h(106,34): warning C4267: '=': conversion from 'size_t' to 'int', possible loss of data
  (compiling source file 'renderer.cpp')
  
C:\_myDrive\repos\TigerEngine\gfxmath\color.h(37,29): warning C4244: 'argument': conversion from 'float' to 'unsigned char', possible loss of data
  (compiling source file 'renderer.cpp')
  
C:\_myDrive\repos\TigerEngine\gfxmath\color.h(38,20): warning C4244: 'argument': conversion from 'float' to 'unsigned char', possible loss of data
  (compiling source file 'renderer.cpp')
  
C:\_myDrive\repos\TigerEngine\gfxmath\color.h(39,20): warning C4244: 'argument': conversion from 'float' to 'unsigned char', possible loss of data
  (compiling source file 'renderer.cpp')
  
C:\_myDrive\repos\TigerEngine\gfxmath\color.h(40,20): warning C4244: 'argument': conversion from 'float' to 'unsigned char', possible loss of data
  (compiling source file 'renderer.cpp')
  
C:\_myDrive\repos\TigerEngine\gfxmath\color.h(45,29): warning C4244: 'argument': conversion from 'float' to 'unsigned char', possible loss of data
  (compiling source file 'renderer.cpp')
  
C:\_myDrive\repos\TigerEngine\gfxmath\color.h(46,20): warning C4244: 'argument': conversion from 'float' to 'unsigned char', possible loss of data
  (compiling source file 'renderer.cpp')
  
C:\_myDrive\repos\TigerEngine\gfxmath\color.h(47,20): warning C4244: 'argument': conversion from 'float' to 'unsigned char', possible loss of data
  (compiling source file 'renderer.cpp')
  
C:\_myDrive\repos\TigerEngine\gfxmath\color.h(48,20): warning C4244: 'argument': conversion from 'float' to 'unsigned char', possible loss of data
  (compiling source file 'renderer.cpp')
  
C:\_myDrive\repos\TigerEngine\gfx\gameObject.h(3,10): warning C4067: unexpected tokens following preprocessor directive - expected a newline
  (compiling source file 'renderer.cpp')
  
C:\_myDrive\repos\TigerEngine\gfx\scene.h(101,30): warning C4267: '=': conversion from 'size_t' to 'int', possible loss of data
  (compiling source file 'renderer.cpp')
  
C:\Program Files (x86)\Windows Kits\10\Include\10.0.26100.0\shared\minwindef.h(130,9): warning C4005: 'APIENTRY': macro redefinition
  (compiling source file 'renderer.cpp')
      C:\_myDrive\repos\TigerEngine\include\GLFW\glfw3.h(123,11):
      see previous definition of 'APIENTRY'
  
C:\_myDrive\repos\TigerEngine\gfx\texture.h(17,8): warning C4099: 'texture': type name first seen using 'class' now seen using 'struct'
  (compiling source file 'renderer.cpp')
      C:\_myDrive\repos\TigerEngine\gfx\texture.h(17,8):
      see declaration of 'texture'
  
C:\_myDrive\repos\TigerEngine\gfx\texture.h(104,31): warning C4267: 'argument': conversion from 'size_t' to 'GLenum', possible loss of data
  (compiling source file 'renderer.cpp')
  
C:\_myDrive\repos\TigerEngine\gfx\voxelGICore.h(21,7): warning C4099: 'texture': type name first seen using 'struct' now seen using 'class'
  (compiling source file 'renderer.cpp')
      C:\_myDrive\repos\TigerEngine\gfx\texture.h(17,8):
      see declaration of 'texture'
  
C:\_myDrive\repos\TigerEngine\gfx\renderer.cpp(224,21): warning C4267: 'initializing': conversion from 'size_t' to 'int', possible loss of data
C:\_myDrive\repos\TigerEngine\gfx\renderer.cpp(341,56): warning C4244: 'argument': conversion from 'int' to 'float', possible loss of data
C:\_myDrive\repos\TigerEngine\gfx\renderer.cpp(341,37): warning C4244: 'argument': conversion from 'int' to 'float', possible loss of data
  repositories.cpp
C:\_myDrive\repos\TigerEngine\gfxmath\color.h(37,29): warning C4244: 'argument': conversion from 'float' to 'unsigned char', possible loss of data
  (compiling source file 'repositories.cpp')
  
C:\_myDrive\repos\TigerEngine\gfxmath\color.h(38,20): warning C4244: 'argument': conversion from 'float' to 'unsigned char', possible loss of data
  (compiling source file 'repositories.cpp')
  
C:\_myDrive\repos\TigerEngine\gfxmath\color.h(39,20): warning C4244: 'argument': conversion from 'float' to 'unsigned char', possible loss of data
  (compiling source file 'repositories.cpp')
  
C:\_myDrive\repos\TigerEngine\gfxmath\color.h(40,20): warning C4244: 'argument': conversion from 'float' to 'unsigned char', possible loss of data
  (compiling source file 'repositories.cpp')
  
C:\_myDrive\repos\TigerEngine\gfxmath\color.h(45,29): warning C4244: 'argument': conversion from 'float' to 'unsigned char', possible loss of data
  (compiling source file 'repositories.cpp')
  
C:\_myDrive\repos\TigerEngine\gfxmath\color.h(46,20): warning C4244: 'argument': conversion from 'float' to 'unsigned char', possible loss of data
  (compiling source file 'repositories.cpp')
  
C:\_myDrive\repos\TigerEngine\gfxmath\color.h(47,20): warning C4244: 'argument': conversion from 'float' to 'unsigned char', possible loss of data
  (compiling source file 'repositories.cpp')
  
C:\_myDrive\repos\TigerEngine\gfxmath\color.h(48,20): warning C4244: 'argument': conversion from 'float' to 'unsigned char', possible loss of data
  (compiling source file 'repositories.cpp')
  
C:\_myDrive\repos\TigerEngine\gfx\texture.h(17,8): warning C4099: 'texture': type name first seen using 'class' now seen using 'struct'
  (compiling source file 'repositories.cpp')
      C:\_myDrive\repos\TigerEngine\gfx\texture.h(17,8):
      see declaration of 'texture'
  
C:\_myDrive\repos\TigerEngine\gfx\texture.h(104,31): warning C4267: 'argument': conversion from 'size_t' to 'GLenum', possible loss of data
  (compiling source file 'repositories.cpp')
  
C:\Program Files\Microsoft Visual Studio\2022\Community\VC\Tools\MSVC\14.44.35207\include\xutility(4813,18): warning C4244: '=': conversion from 'wchar_t' to 'char', possible loss of data
  (compiling source file 'repositories.cpp')
      C:\Program Files\Microsoft Visual Studio\2022\Community\VC\Tools\MSVC\14.44.35207\include\xutility(4813,18):
      the template instantiation context (the oldest one first) is
          C:\_myDrive\repos\TigerEngine\gfx\repositories.cpp(118,35):
          see reference to function template instantiation 'std::basic_string<char,std::char_traits<char>,std::allocator<char>>::basic_string<std::_String_iterator<std::_String_val<std::_Simple_types<_Elem>>>,0>(_Iter,_Iter,const _Alloc &)' being compiled
          with
          [
              _Elem=wchar_t,
              _Iter=std::_String_iterator<std::_String_val<std::_Simple_types<wchar_t>>>,
              _Alloc=std::allocator<char>
          ]
              C:\_myDrive\repos\TigerEngine\gfx\repositories.cpp(118,13):
              see the first reference to 'std::basic_string<char,std::char_traits<char>,std::allocator<char>>::basic_string' in 'repositories::plugSourceInShader'
          C:\Program Files\Microsoft Visual Studio\2022\Community\VC\Tools\MSVC\14.44.35207\include\xstring(812,17):
          see reference to function template instantiation 'void std::basic_string<char,std::char_traits<char>,std::allocator<char>>::_Construct_from_iter<wchar_t*,wchar_t*,_Size_type>(_Iter,const _Sent,_Size)' being compiled
          with
          [
              _Size_type=unsigned __int64,
              _Iter=wchar_t *,
              _Sent=wchar_t *,
              _Size=unsigned __int64
          ]
          C:\Program Files\Microsoft Visual Studio\2022\Community\VC\Tools\MSVC\14.44.35207\include\xstring(968,18):
          see reference to function template instantiation '_OutIt *std::_Copy_n_unchecked4<wchar_t*,_Size,char*>(_InIt,_SizeTy,_OutIt)' being compiled
          with
          [
              _OutIt=char *,
              _Size=unsigned __int64,
              _InIt=wchar_t *,
              _SizeTy=unsigned __int64
          ]
  
  texture.cpp
C:\_myDrive\repos\TigerEngine\gfx\texture.h(104,31): warning C4267: 'argument': conversion from 'size_t' to 'GLenum', possible loss of data
  (compiling source file 'texture.cpp')
  
C:\Program Files (x86)\Windows Kits\10\Include\10.0.26100.0\shared\minwindef.h(130,9): warning C4005: 'APIENTRY': macro redefinition
  (compiling source file 'texture.cpp')
      C:\_myDrive\repos\TigerEngine\include\GLFW\glfw3.h(123,11):
      see previous definition of 'APIENTRY'
  
C:\_myDrive\repos\TigerEngine\gfx\repositories.h(10,7): warning C4099: 'texture': type name first seen using 'struct' now seen using 'class'
  (compiling source file 'texture.cpp')
      C:\_myDrive\repos\TigerEngine\gfx\texture.h(17,8):
      see declaration of 'texture'
  
C:\_myDrive\repos\TigerEngine\gfx\texture.cpp(231,10): warning C4267: 'return': conversion from 'size_t' to 'int', possible loss of data
C:\_myDrive\repos\TigerEngine\gfx\texture.cpp(233,9): warning C4267: 'return': conversion from 'size_t' to 'int', possible loss of data
C:\_myDrive\repos\TigerEngine\gfx\texture.cpp(258,37): warning C4244: 'argument': conversion from 'size_t' to 'float', possible loss of data
C:\_myDrive\repos\TigerEngine\gfx\texture.cpp(258,24): warning C4244: 'initializing': conversion from 'float' to 'int', possible loss of data
C:\_myDrive\repos\TigerEngine\gfx\texture.cpp(280,28): warning C4244: 'argument': conversion from 'size_t' to 'float', possible loss of data
C:\_myDrive\repos\TigerEngine\gfx\texture.cpp(280,14): warning C4553: '==': result of expression not used; did you intend '='?
C:\_myDrive\repos\TigerEngine\gfx\texture.cpp(282,22): warning C4267: 'initializing': conversion from 'size_t' to 'int', possible loss of data
C:\_myDrive\repos\TigerEngine\gfx\texture.cpp(301,57): warning C4244: 'argument': conversion from 'int' to 'float', possible loss of data
C:\_myDrive\repos\TigerEngine\gfx\texture.cpp(301,22): warning C4244: 'initializing': conversion from 'float' to 'int', possible loss of data
C:\_myDrive\repos\TigerEngine\gfx\texture.cpp(302,21): warning C4244: 'argument': conversion from 'int' to 'GLfloat', possible loss of data
C:\_myDrive\repos\TigerEngine\gfx\texture.cpp(344,37): warning C4244: 'argument': conversion from 'size_t' to 'float', possible loss of data
C:\_myDrive\repos\TigerEngine\gfx\texture.cpp(344,24): warning C4244: 'initializing': conversion from 'float' to 'int', possible loss of data
C:\_myDrive\repos\TigerEngine\gfx\texture.cpp(371,57): warning C4244: 'argument': conversion from 'int' to 'float', possible loss of data
C:\_myDrive\repos\TigerEngine\gfx\texture.cpp(371,22): warning C4244: 'initializing': conversion from 'float' to 'int', possible loss of data
C:\_myDrive\repos\TigerEngine\gfx\texture.cpp(372,21): warning C4244: 'argument': conversion from 'int' to 'GLfloat', possible loss of data
C:\_myDrive\repos\TigerEngine\gfx\texture.cpp(416,36): warning C4244: 'argument': conversion from 'size_t' to 'float', possible loss of data
C:\_myDrive\repos\TigerEngine\gfx\texture.cpp(416,23): warning C4244: 'initializing': conversion from 'float' to 'int', possible loss of data
C:\_myDrive\repos\TigerEngine\gfx\texture.cpp(430,71): warning C4267: 'argument': conversion from 'size_t' to 'GLsizei', possible loss of data
C:\_myDrive\repos\TigerEngine\gfx\texture.cpp(433,45): warning C4267: 'argument': conversion from 'size_t' to 'GLsizei', possible loss of data
C:\_myDrive\repos\TigerEngine\gfx\texture.cpp(439,14): warning C4267: 'initializing': conversion from 'size_t' to 'int', possible loss of data
C:\_myDrive\repos\TigerEngine\gfx\texture.cpp(440,15): warning C4267: 'initializing': conversion from 'size_t' to 'int', possible loss of data
C:\_myDrive\repos\TigerEngine\gfx\texture.cpp(458,87): warning C4267: 'argument': conversion from 'size_t' to 'GLsizei', possible loss of data
C:\_myDrive\repos\TigerEngine\gfx\texture.cpp(458,79): warning C4267: 'argument': conversion from 'size_t' to 'GLsizei', possible loss of data
C:\_myDrive\repos\TigerEngine\gfx\texture.cpp(458,71): warning C4267: 'argument': conversion from 'size_t' to 'GLsizei', possible loss of data
C:\_myDrive\repos\TigerEngine\gfx\texture.cpp(461,67): warning C4267: 'argument': conversion from 'size_t' to 'GLsizei', possible loss of data
C:\_myDrive\repos\TigerEngine\gfx\texture.cpp(461,59): warning C4267: 'argument': conversion from 'size_t' to 'GLsizei', possible loss of data
C:\_myDrive\repos\TigerEngine\gfx\texture.cpp(461,51): warning C4267: 'argument': conversion from 'size_t' to 'GLsizei', possible loss of data
C:\_myDrive\repos\TigerEngine\gfx\texture.cpp(468,15): warning C4267: 'initializing': conversion from 'size_t' to 'int', possible loss of data
C:\_myDrive\repos\TigerEngine\gfx\texture.cpp(469,16): warning C4267: 'initializing': conversion from 'size_t' to 'int', possible loss of data
C:\_myDrive\repos\TigerEngine\gfx\texture.cpp(472,50): warning C4267: 'argument': conversion from 'size_t' to 'GLenum', possible loss of data
  gfx.vcxproj -> C:\_myDrive\repos\TigerEngine\lib\Release\gfx.lib
