  main.cpp
C:\_myDrive\repos\TigerEngine\gfx\input.h(176,20): warning C4244: 'argument': conversion from 'double' to 'float', possible loss of data
  (compiling source file 'main.cpp')
  
C:\_myDrive\repos\TigerEngine\gfx\input.h(175,29): warning C4244: 'argument': conversion from 'double' to 'float', possible loss of data
  (compiling source file 'main.cpp')
  
C:\_myDrive\repos\TigerEngine\gfx\input.h(189,29): warning C4267: 'initializing': conversion from 'size_t' to 'int', possible loss of data
  (compiling source file 'main.cpp')
  
C:\_myDrive\repos\TigerEngine\gfx\input.h(197,31): warning C4267: 'initializing': conversion from 'size_t' to 'int', possible loss of data
  (compiling source file 'main.cpp')
  
C:\_myDrive\repos\TigerEngine\gfx\renderer.h(106,34): warning C4267: '=': conversion from 'size_t' to 'int', possible loss of data
  (compiling source file 'main.cpp')
  
C:\_myDrive\repos\TigerEngine\gfxmath\color.h(37,29): warning C4244: 'argument': conversion from 'float' to 'unsigned char', possible loss of data
  (compiling source file 'main.cpp')
  
C:\_myDrive\repos\TigerEngine\gfxmath\color.h(38,20): warning C4244: 'argument': conversion from 'float' to 'unsigned char', possible loss of data
  (compiling source file 'main.cpp')
  
C:\_myDrive\repos\TigerEngine\gfxmath\color.h(39,20): warning C4244: 'argument': conversion from 'float' to 'unsigned char', possible loss of data
  (compiling source file 'main.cpp')
  
C:\_myDrive\repos\TigerEngine\gfxmath\color.h(40,20): warning C4244: 'argument': conversion from 'float' to 'unsigned char', possible loss of data
  (compiling source file 'main.cpp')
  
C:\_myDrive\repos\TigerEngine\gfxmath\color.h(45,29): warning C4244: 'argument': conversion from 'float' to 'unsigned char', possible loss of data
  (compiling source file 'main.cpp')
  
C:\_myDrive\repos\TigerEngine\gfxmath\color.h(46,20): warning C4244: 'argument': conversion from 'float' to 'unsigned char', possible loss of data
  (compiling source file 'main.cpp')
  
C:\_myDrive\repos\TigerEngine\gfxmath\color.h(47,20): warning C4244: 'argument': conversion from 'float' to 'unsigned char', possible loss of data
  (compiling source file 'main.cpp')
  
C:\_myDrive\repos\TigerEngine\gfxmath\color.h(48,20): warning C4244: 'argument': conversion from 'float' to 'unsigned char', possible loss of data
  (compiling source file 'main.cpp')
  
C:\_myDrive\repos\TigerEngine\gfx\scene.h(101,30): warning C4267: '=': conversion from 'size_t' to 'int', possible loss of data
  (compiling source file 'main.cpp')
  
C:\_myDrive\repos\TigerEngine\gfx\gameObject.h(3,10): warning C4067: unexpected tokens following preprocessor directive - expected a newline
  (compiling source file 'main.cpp')
  
C:\Program Files (x86)\Windows Kits\10\Include\10.0.26100.0\shared\minwindef.h(130,9): warning C4005: 'APIENTRY': macro redefinition
  (compiling source file 'main.cpp')
      C:\_myDrive\repos\TigerEngine\include\GLFW\glfw3.h(123,11):
      see previous definition of 'APIENTRY'
  
C:\_myDrive\repos\TigerEngine\TigerEngine (EXE)\main.cpp(95,32): warning C4305: 'argument': truncation from 'double' to 'float'
C:\_myDrive\repos\TigerEngine\TigerEngine (EXE)\main.cpp(109,44): warning C4305: 'argument': truncation from 'double' to 'float'
C:\_myDrive\repos\TigerEngine\TigerEngine (EXE)\main.cpp(119,51): warning C4305: 'argument': truncation from 'double' to 'float'
C:\_myDrive\repos\TigerEngine\TigerEngine (EXE)\main.cpp(126,58): warning C4305: 'argument': truncation from 'double' to 'float'
C:\_myDrive\repos\TigerEngine\TigerEngine (EXE)\main.cpp(126,53): warning C4305: 'argument': truncation from 'double' to 'float'
C:\_myDrive\repos\TigerEngine\TigerEngine (EXE)\main.cpp(126,48): warning C4305: 'argument': truncation from 'double' to 'float'
C:\_myDrive\repos\TigerEngine\TigerEngine (EXE)\main.cpp(137,55): warning C4305: 'argument': truncation from 'double' to 'float'
C:\_myDrive\repos\TigerEngine\TigerEngine (EXE)\main.cpp(137,47): warning C4305: 'argument': truncation from 'double' to 'float'
C:\_myDrive\repos\TigerEngine\TigerEngine (EXE)\main.cpp(145,52): warning C4305: 'argument': truncation from 'double' to 'float'
C:\_myDrive\repos\TigerEngine\TigerEngine (EXE)\main.cpp(152,65): warning C4305: 'argument': truncation from 'double' to 'float'
C:\_myDrive\repos\TigerEngine\TigerEngine (EXE)\main.cpp(152,55): warning C4305: 'argument': truncation from 'double' to 'float'
C:\_myDrive\repos\TigerEngine\TigerEngine (EXE)\main.cpp(206,54): warning C4305: 'argument': truncation from 'double' to 'float'
MSVCRT.lib(initializers.obj) : warning LNK4098: defaultlib 'libcmt.lib' conflicts with use of other libs; use /NODEFAULTLIB:library
  Generating code
  142 of 2339 functions ( 6.1%) were compiled, the rest were copied from previous compilation.
    0 functions were new in current compilation
    92 functions had inline decision re-evaluated but remain unchanged
  Finished generating code
glew32s.lib(glew.obj) : warning LNK4099: PDB 'glew32s.pdb' was not found with 'glew32s.lib(glew.obj)' or at 'C:\_myDrive\repos\TigerEngine\x64\Release\glew32s.pdb'; linking object as if no debug info
LINK : warning LNK4286: symbol '__glewUniform4fv' defined in 'glew32s.lib(glew.obj)' is imported by 'gfx.lib(renderer.obj)'
LINK : warning LNK4286: symbol '__glewBindFramebuffer' defined in 'glew32s.lib(glew.obj)' is imported by 'gfx.lib(renderer.obj)'
LINK : warning LNK4286: symbol '__glewUniformMatrix4fv' defined in 'glew32s.lib(glew.obj)' is imported by 'gfx.lib(renderer.obj)'
LINK : warning LNK4286: symbol '__glewDeleteFramebuffers' defined in 'glew32s.lib(glew.obj)' is imported by 'gfx.lib(renderer.obj)'
LINK : warning LNK4286: symbol '__glewActiveTexture' defined in 'glew32s.lib(glew.obj)' is imported by 'gfx.lib(renderer.obj)'
LINK : warning LNK4286: symbol '__glewGetUniformLocation' defined in 'glew32s.lib(glew.obj)' is imported by 'gfx.lib(renderer.obj)'
LINK : warning LNK4286: symbol '__glewDrawBuffers' defined in 'glew32s.lib(glew.obj)' is imported by 'gfx.lib(renderer.obj)'
LINK : warning LNK4286: symbol '__glewUniform1i' defined in 'glew32s.lib(glew.obj)' is imported by 'gfx.lib(renderer.obj)'
LINK : warning LNK4286: symbol '__glewFramebufferTexture' defined in 'glew32s.lib(glew.obj)' is imported by 'gfx.lib(renderer.obj)'
LINK : warning LNK4286: symbol '__glewUniform2fv' defined in 'glew32s.lib(glew.obj)' is imported by 'gfx.lib(renderer.obj)'
LINK : warning LNK4286: symbol '__glewCreateFramebuffers' defined in 'glew32s.lib(glew.obj)' is imported by 'gfx.lib(renderer.obj)'
LINK : warning LNK4286: symbol '__glewUseProgram' defined in 'glew32s.lib(glew.obj)' is imported by 'gfx.lib(renderer.obj)'
LINK : warning LNK4286: symbol '__glewUniform3fv' defined in 'glew32s.lib(glew.obj)' is imported by 'gfx.lib(pointLight.obj)'
LINK : warning LNK4286: symbol '__glewFramebufferTexture2D' defined in 'glew32s.lib(glew.obj)' is imported by 'gfx.lib(pointLight.obj)'
LINK : warning LNK4286: symbol '__glewUniform1f' defined in 'glew32s.lib(glew.obj)' is imported by 'gfx.lib(pointLight.obj)'
LINK : warning LNK4286: symbol '__glewDeleteBuffers' defined in 'glew32s.lib(glew.obj)' is imported by 'gfx.lib(mesh.obj)'
LINK : warning LNK4286: symbol '__glewGenBuffers' defined in 'glew32s.lib(glew.obj)' is imported by 'gfx.lib(mesh.obj)'
LINK : warning LNK4286: symbol '__glewGenVertexArrays' defined in 'glew32s.lib(glew.obj)' is imported by 'gfx.lib(mesh.obj)'
LINK : warning LNK4286: symbol '__glewBufferData' defined in 'glew32s.lib(glew.obj)' is imported by 'gfx.lib(mesh.obj)'
LINK : warning LNK4286: symbol '__glewDeleteVertexArrays' defined in 'glew32s.lib(glew.obj)' is imported by 'gfx.lib(mesh.obj)'
LINK : warning LNK4286: symbol '__glewBindBuffer' defined in 'glew32s.lib(glew.obj)' is imported by 'gfx.lib(mesh.obj)'
LINK : warning LNK4286: symbol '__glewVertexAttribPointer' defined in 'glew32s.lib(glew.obj)' is imported by 'gfx.lib(mesh.obj)'
LINK : warning LNK4286: symbol '__glewBindVertexArray' defined in 'glew32s.lib(glew.obj)' is imported by 'gfx.lib(mesh.obj)'
LINK : warning LNK4286: symbol '__glewEnableVertexAttribArray' defined in 'glew32s.lib(glew.obj)' is imported by 'gfx.lib(mesh.obj)'
LINK : warning LNK4286: symbol '__glewLinkProgram' defined in 'glew32s.lib(glew.obj)' is imported by 'gfx.lib(shader.obj)'
LINK : warning LNK4286: symbol '__glewDeleteShader' defined in 'glew32s.lib(glew.obj)' is imported by 'gfx.lib(shader.obj)'
LINK : warning LNK4286: symbol '__glewGetProgramInfoLog' defined in 'glew32s.lib(glew.obj)' is imported by 'gfx.lib(shader.obj)'
LINK : warning LNK4286: symbol '__glewDetachShader' defined in 'glew32s.lib(glew.obj)' is imported by 'gfx.lib(shader.obj)'
LINK : warning LNK4286: symbol '__glewShaderSource' defined in 'glew32s.lib(glew.obj)' is imported by 'gfx.lib(shader.obj)'
LINK : warning LNK4286: symbol '__glewDeleteProgram' defined in 'glew32s.lib(glew.obj)' is imported by 'gfx.lib(shader.obj)'
LINK : warning LNK4286: symbol '__glewAttachShader' defined in 'glew32s.lib(glew.obj)' is imported by 'gfx.lib(shader.obj)'
LINK : warning LNK4286: symbol '__glewGetProgramiv' defined in 'glew32s.lib(glew.obj)' is imported by 'gfx.lib(shader.obj)'
LINK : warning LNK4286: symbol '__glewGetShaderInfoLog' defined in 'glew32s.lib(glew.obj)' is imported by 'gfx.lib(shader.obj)'
LINK : warning LNK4286: symbol '__glewCreateProgram' defined in 'glew32s.lib(glew.obj)' is imported by 'gfx.lib(shader.obj)'
LINK : warning LNK4286: symbol '__glewCreateShader' defined in 'glew32s.lib(glew.obj)' is imported by 'gfx.lib(shader.obj)'
LINK : warning LNK4286: symbol '__glewCompileShader' defined in 'glew32s.lib(glew.obj)' is imported by 'gfx.lib(shader.obj)'
LINK : warning LNK4286: symbol '__glewGetShaderiv' defined in 'glew32s.lib(glew.obj)' is imported by 'gfx.lib(shader.obj)'
LINK : warning LNK4286: symbol '__glewGenFramebuffers' defined in 'glew32s.lib(glew.obj)' is imported by 'gfx.lib(light.obj)'
  TigerEngine (EXE).vcxproj -> C:\_myDrive\repos\TigerEngine\x64\Release\TigerEngine (EXE).exe
  'pwsh.exe' is not recognized as an internal or external command,
  operable program or batch file.
