  bshape_intersections.cpp
  mat3.cpp
  mat4.cpp
C:\_myDrive\repos\TigerEngine\gfxmath\mat4.cpp(8,28): warning C4244: '=': conversion from 'double' to 'float', possible loss of data
C:\_myDrive\repos\TigerEngine\gfxmath\mat4.cpp(9,28): warning C4244: '=': conversion from 'double' to 'float', possible loss of data
C:\_myDrive\repos\TigerEngine\gfxmath\mat4.cpp(10,28): warning C4244: '=': conversion from 'double' to 'float', possible loss of data
C:\_myDrive\repos\TigerEngine\gfxmath\mat4.cpp(37,24): warning C4244: '=': conversion from 'double' to 'float', possible loss of data
C:\_myDrive\repos\TigerEngine\gfxmath\mat4.cpp(75,20): warning C4244: 'initializing': conversion from 'double' to 'float', possible loss of data
C:\_myDrive\repos\TigerEngine\gfxmath\mat4.cpp(300,75): warning C4244: 'argument': conversion from 'double' to 'float', possible loss of data
C:\_myDrive\repos\TigerEngine\gfxmath\mat4.cpp(300,66): warning C4244: 'argument': conversion from 'double' to 'float', possible loss of data
C:\_myDrive\repos\TigerEngine\gfxmath\mat4.cpp(300,57): warning C4244: 'argument': conversion from 'double' to 'float', possible loss of data
C:\_myDrive\repos\TigerEngine\gfxmath\mat4.cpp(300,48): warning C4244: 'argument': conversion from 'double' to 'float', possible loss of data
C:\_myDrive\repos\TigerEngine\gfxmath\mat4.cpp(301,48): warning C4244: 'argument': conversion from 'double' to 'float', possible loss of data
C:\_myDrive\repos\TigerEngine\gfxmath\mat4.cpp(301,39): warning C4244: 'argument': conversion from 'double' to 'float', possible loss of data
C:\_myDrive\repos\TigerEngine\gfxmath\mat4.cpp(301,30): warning C4244: 'argument': conversion from 'double' to 'float', possible loss of data
C:\_myDrive\repos\TigerEngine\gfxmath\mat4.cpp(301,21): warning C4244: 'argument': conversion from 'double' to 'float', possible loss of data
C:\_myDrive\repos\TigerEngine\gfxmath\mat4.cpp(302,49): warning C4244: 'argument': conversion from 'double' to 'float', possible loss of data
C:\_myDrive\repos\TigerEngine\gfxmath\mat4.cpp(302,40): warning C4244: 'argument': conversion from 'double' to 'float', possible loss of data
C:\_myDrive\repos\TigerEngine\gfxmath\mat4.cpp(302,30): warning C4244: 'argument': conversion from 'double' to 'float', possible loss of data
C:\_myDrive\repos\TigerEngine\gfxmath\mat4.cpp(302,21): warning C4244: 'argument': conversion from 'double' to 'float', possible loss of data
C:\_myDrive\repos\TigerEngine\gfxmath\mat4.cpp(303,49): warning C4244: 'argument': conversion from 'double' to 'float', possible loss of data
C:\_myDrive\repos\TigerEngine\gfxmath\mat4.cpp(303,40): warning C4244: 'argument': conversion from 'double' to 'float', possible loss of data
C:\_myDrive\repos\TigerEngine\gfxmath\mat4.cpp(303,31): warning C4244: 'argument': conversion from 'double' to 'float', possible loss of data
C:\_myDrive\repos\TigerEngine\gfxmath\mat4.cpp(303,22): warning C4244: 'argument': conversion from 'double' to 'float', possible loss of data
  obb_bshape.cpp
  sphere_bshape.cpp
  timer.cpp
  vec4.cpp
  gfxmath.vcxproj -> C:\_myDrive\repos\TigerEngine\lib\Release\gfxmath.lib
