c:\_mydrive\repos\tigerengine\lib\debug\gfx.pdb
c:\_mydrive\repos\tigerengine\lib\debug\gfx.idb
c:\_mydrive\repos\tigerengine\gfx\x64\debug\transform.obj
c:\_mydrive\repos\tigerengine\gfx\x64\debug\texture.obj
c:\_mydrive\repos\tigerengine\gfx\x64\debug\shader.obj
c:\_mydrive\repos\tigerengine\gfx\x64\debug\scene.obj
c:\_mydrive\repos\tigerengine\gfx\x64\debug\repositories.obj
c:\_mydrive\repos\tigerengine\gfx\x64\debug\renderer.obj
c:\_mydrive\repos\tigerengine\gfx\x64\debug\pointlightgi.obj
c:\_mydrive\repos\tigerengine\gfx\x64\debug\pointlight.obj
c:\_mydrive\repos\tigerengine\gfx\x64\debug\mesh.obj
c:\_mydrive\repos\tigerengine\gfx\x64\debug\material.obj
c:\_mydrive\repos\tigerengine\gfx\x64\debug\light.obj
c:\_mydrive\repos\tigerengine\gfx\x64\debug\input.obj
c:\_mydrive\repos\tigerengine\gfx\x64\debug\gameobject.obj
c:\_mydrive\repos\tigerengine\gfx\x64\debug\frustum.obj
c:\_mydrive\repos\tigerengine\gfx\x64\debug\framework.obj
c:\_mydrive\repos\tigerengine\gfx\x64\debug\component.obj
c:\_mydrive\repos\tigerengine\gfx\x64\debug\camera.obj
c:\_mydrive\repos\tigerengine\gfx\x64\debug\basic_spinner.obj
c:\_mydrive\repos\tigerengine\gfx\x64\debug\basic_rotator.obj
c:\_mydrive\repos\tigerengine\gfx\x64\debug\basic_navigator.obj
c:\_mydrive\repos\tigerengine\gfx\x64\debug\window.obj
c:\_mydrive\repos\tigerengine\gfx\x64\debug\voxelgicore.obj
c:\_mydrive\repos\tigerengine\lib\debug\gfx.lib
c:\_mydrive\repos\tigerengine\gfx\x64\debug\gfx.tlog\cl.command.1.tlog
c:\_mydrive\repos\tigerengine\gfx\x64\debug\gfx.tlog\cl.items.tlog
c:\_mydrive\repos\tigerengine\gfx\x64\debug\gfx.tlog\cl.read.1.tlog
c:\_mydrive\repos\tigerengine\gfx\x64\debug\gfx.tlog\cl.write.1.tlog
c:\_mydrive\repos\tigerengine\gfx\x64\debug\gfx.tlog\lib-link.read.1.tlog
c:\_mydrive\repos\tigerengine\gfx\x64\debug\gfx.tlog\lib-link.write.1.tlog
c:\_mydrive\repos\tigerengine\gfx\x64\debug\gfx.tlog\lib.command.1.tlog
