c:\_mydrive\repos\tigerengine\lib\debug\gfxmath.pdb
c:\_mydrive\repos\tigerengine\lib\debug\gfxmath.idb
c:\_mydrive\repos\tigerengine\gfxmath\x64\debug\vec4.obj
c:\_mydrive\repos\tigerengine\gfxmath\x64\debug\vec3.obj
c:\_mydrive\repos\tigerengine\gfxmath\x64\debug\vec2.obj
c:\_mydrive\repos\tigerengine\gfxmath\x64\debug\timer.obj
c:\_mydrive\repos\tigerengine\gfxmath\x64\debug\sphere_bshape.obj
c:\_mydrive\repos\tigerengine\gfxmath\x64\debug\plane.obj
c:\_mydrive\repos\tigerengine\gfxmath\x64\debug\obb_bshape.obj
c:\_mydrive\repos\tigerengine\gfxmath\x64\debug\mat4.obj
c:\_mydrive\repos\tigerengine\gfxmath\x64\debug\mat3.obj
c:\_mydrive\repos\tigerengine\gfxmath\x64\debug\bshape_intersections.obj
c:\_mydrive\repos\tigerengine\gfxmath\x64\debug\bshape.obj
c:\_mydrive\repos\tigerengine\lib\debug\gfxmath.lib
c:\_mydrive\repos\tigerengine\gfxmath\x64\debug\gfxmath.tlog\cl.command.1.tlog
c:\_mydrive\repos\tigerengine\gfxmath\x64\debug\gfxmath.tlog\cl.items.tlog
c:\_mydrive\repos\tigerengine\gfxmath\x64\debug\gfxmath.tlog\cl.read.1.tlog
c:\_mydrive\repos\tigerengine\gfxmath\x64\debug\gfxmath.tlog\cl.write.1.tlog
c:\_mydrive\repos\tigerengine\gfxmath\x64\debug\gfxmath.tlog\lib-link.read.1.tlog
c:\_mydrive\repos\tigerengine\gfxmath\x64\debug\gfxmath.tlog\lib-link.write.1.tlog
c:\_mydrive\repos\tigerengine\gfxmath\x64\debug\gfxmath.tlog\lib.command.1.tlog
