C:\Program Files\Microsoft Visual Studio\2022\Community\MSBuild\Microsoft\VC\v170\Microsoft.CppBuild.targets(538,5): warning MSB8028: The intermediate directory (x64\Debug\) contains files shared from another project (MusicPlayer.vcxproj).  This can lead to incorrect clean and rebuild behavior.
  main.cpp
C:\_myDrive\repos\TigerEngine\gfx\input.h(180,20): warning C4244: 'argument': conversion from 'double' to 'float', possible loss of data
  (compiling source file 'main.cpp')
  
C:\_myDrive\repos\TigerEngine\gfx\input.h(179,29): warning C4244: 'argument': conversion from 'double' to 'float', possible loss of data
  (compiling source file 'main.cpp')
  
C:\_myDrive\repos\TigerEngine\gfx\input.h(194,29): warning C4267: 'initializing': conversion from 'size_t' to 'int', possible loss of data
  (compiling source file 'main.cpp')
  
C:\_myDrive\repos\TigerEngine\gfx\input.h(202,31): warning C4267: 'initializing': conversion from 'size_t' to 'int', possible loss of data
  (compiling source file 'main.cpp')
  
C:\_myDrive\repos\TigerEngine\gfx\renderer.h(106,34): warning C4267: '=': conversion from 'size_t' to 'int', possible loss of data
  (compiling source file 'main.cpp')
  
C:\_myDrive\repos\TigerEngine\gfxmath\color.h(37,29): warning C4244: 'argument': conversion from 'float' to 'unsigned char', possible loss of data
  (compiling source file 'main.cpp')
  
C:\_myDrive\repos\TigerEngine\gfxmath\color.h(38,20): warning C4244: 'argument': conversion from 'float' to 'unsigned char', possible loss of data
  (compiling source file 'main.cpp')
  
C:\_myDrive\repos\TigerEngine\gfxmath\color.h(39,20): warning C4244: 'argument': conversion from 'float' to 'unsigned char', possible loss of data
  (compiling source file 'main.cpp')
  
C:\_myDrive\repos\TigerEngine\gfxmath\color.h(40,20): warning C4244: 'argument': conversion from 'float' to 'unsigned char', possible loss of data
  (compiling source file 'main.cpp')
  
C:\_myDrive\repos\TigerEngine\gfxmath\color.h(45,29): warning C4244: 'argument': conversion from 'float' to 'unsigned char', possible loss of data
  (compiling source file 'main.cpp')
  
C:\_myDrive\repos\TigerEngine\gfxmath\color.h(46,20): warning C4244: 'argument': conversion from 'float' to 'unsigned char', possible loss of data
  (compiling source file 'main.cpp')
  
C:\_myDrive\repos\TigerEngine\gfxmath\color.h(47,20): warning C4244: 'argument': conversion from 'float' to 'unsigned char', possible loss of data
  (compiling source file 'main.cpp')
  
C:\_myDrive\repos\TigerEngine\gfxmath\color.h(48,20): warning C4244: 'argument': conversion from 'float' to 'unsigned char', possible loss of data
  (compiling source file 'main.cpp')
  
C:\_myDrive\repos\TigerEngine\gfx\scene.h(101,30): warning C4267: '=': conversion from 'size_t' to 'int', possible loss of data
  (compiling source file 'main.cpp')
  
C:\_myDrive\repos\TigerEngine\gfx\gameObject.h(3,10): warning C4067: unexpected tokens following preprocessor directive - expected a newline
  (compiling source file 'main.cpp')
  
C:\Program Files (x86)\Windows Kits\10\Include\10.0.26100.0\shared\minwindef.h(130,9): warning C4005: 'APIENTRY': macro redefinition
  (compiling source file 'main.cpp')
      C:\_myDrive\repos\TigerEngine\include\GLFW\glfw3.h(123,11):
      see previous definition of 'APIENTRY'
  
C:\_myDrive\repos\TigerEngine\TigerEngine (EXE)\main.cpp(102,32): warning C4305: 'argument': truncation from 'double' to 'float'
C:\_myDrive\repos\TigerEngine\TigerEngine (EXE)\main.cpp(117,44): warning C4305: 'argument': truncation from 'double' to 'float'
C:\_myDrive\repos\TigerEngine\TigerEngine (EXE)\main.cpp(127,51): warning C4305: 'argument': truncation from 'double' to 'float'
C:\_myDrive\repos\TigerEngine\TigerEngine (EXE)\main.cpp(135,58): warning C4305: 'argument': truncation from 'double' to 'float'
C:\_myDrive\repos\TigerEngine\TigerEngine (EXE)\main.cpp(135,53): warning C4305: 'argument': truncation from 'double' to 'float'
C:\_myDrive\repos\TigerEngine\TigerEngine (EXE)\main.cpp(135,48): warning C4305: 'argument': truncation from 'double' to 'float'
C:\_myDrive\repos\TigerEngine\TigerEngine (EXE)\main.cpp(146,55): warning C4305: 'argument': truncation from 'double' to 'float'
C:\_myDrive\repos\TigerEngine\TigerEngine (EXE)\main.cpp(146,47): warning C4305: 'argument': truncation from 'double' to 'float'
C:\_myDrive\repos\TigerEngine\TigerEngine (EXE)\main.cpp(154,52): warning C4305: 'argument': truncation from 'double' to 'float'
C:\_myDrive\repos\TigerEngine\TigerEngine (EXE)\main.cpp(161,65): warning C4305: 'argument': truncation from 'double' to 'float'
C:\_myDrive\repos\TigerEngine\TigerEngine (EXE)\main.cpp(161,55): warning C4305: 'argument': truncation from 'double' to 'float'
C:\_myDrive\repos\TigerEngine\TigerEngine (EXE)\main.cpp(215,54): warning C4305: 'argument': truncation from 'double' to 'float'
glew32s.lib(glew.obj) : warning LNK4099: PDB 'glew32s.pdb' was not found with 'glew32s.lib(glew.obj)' or at 'C:\_myDrive\repos\TigerEngine\x64\Debug\glew32s.pdb'; linking object as if no debug info
MSVCRTD.lib(initializers.obj) : warning LNK4098: defaultlib 'msvcrt.lib' conflicts with use of other libs; use /NODEFAULTLIB:library
MSVCRTD.lib(initializers.obj) : warning LNK4098: defaultlib 'libcmt.lib' conflicts with use of other libs; use /NODEFAULTLIB:library
LINK : warning LNK4217: symbol '__glewActiveTexture' defined in 'glew32s.lib(glew.obj)' is imported by 'gfx.lib(renderer.obj)' in function '"public: void __cdecl texture::associate_to_TextureUnit(unsigned __int64)" (?associate_to_TextureUnit@texture@@QEAAX_K@Z)'
LINK : warning LNK4286: symbol '__glewActiveTexture' defined in 'glew32s.lib(glew.obj)' is imported by 'gfx.lib(pointLight.obj)'
LINK : warning LNK4286: symbol '__glewActiveTexture' defined in 'glew32s.lib(glew.obj)' is imported by 'gfx.lib(pointLightGI.obj)'
LINK : warning LNK4217: symbol '__glewDrawBuffers' defined in 'glew32s.lib(glew.obj)' is imported by 'gfx.lib(renderer.obj)' in function '"private: void __cdecl renderer::initFrameBuffers(void)" (?initFrameBuffers@renderer@@AEAAXXZ)'
LINK : warning LNK4286: symbol '__glewDrawBuffers' defined in 'glew32s.lib(glew.obj)' is imported by 'gfx.lib(pointLight.obj)'
LINK : warning LNK4286: symbol '__glewDrawBuffers' defined in 'glew32s.lib(glew.obj)' is imported by 'gfx.lib(pointLightGI.obj)'
LINK : warning LNK4217: symbol '__glewGetUniformLocation' defined in 'glew32s.lib(glew.obj)' is imported by 'gfx.lib(renderer.obj)' in function '"private: void __cdecl renderer::gizmo_pass(struct vec4)" (?gizmo_pass@renderer@@AEAAXUvec4@@@Z)'
LINK : warning LNK4286: symbol '__glewGetUniformLocation' defined in 'glew32s.lib(glew.obj)' is imported by 'gfx.lib(pointLight.obj)'
LINK : warning LNK4286: symbol '__glewGetUniformLocation' defined in 'glew32s.lib(glew.obj)' is imported by 'gfx.lib(material.obj)'
LINK : warning LNK4286: symbol '__glewGetUniformLocation' defined in 'glew32s.lib(glew.obj)' is imported by 'gfx.lib(pointLightGI.obj)'
LINK : warning LNK4217: symbol '__glewUniform1i' defined in 'glew32s.lib(glew.obj)' is imported by 'gfx.lib(renderer.obj)' in function '"private: void __cdecl renderer::setup_lightCommit_uniforms(void)" (?setup_lightCommit_uniforms@renderer@@AEAAXXZ)'
LINK : warning LNK4286: symbol '__glewUniform1i' defined in 'glew32s.lib(glew.obj)' is imported by 'gfx.lib(pointLight.obj)'
LINK : warning LNK4286: symbol '__glewUniform1i' defined in 'glew32s.lib(glew.obj)' is imported by 'gfx.lib(pointLightGI.obj)'
LINK : warning LNK4217: symbol '__glewUniform2fv' defined in 'glew32s.lib(glew.obj)' is imported by 'gfx.lib(renderer.obj)' in function '"private: void __cdecl renderer::onWindowResize(void)" (?onWindowResize@renderer@@AEAAXXZ)'
LINK : warning LNK4286: symbol '__glewUniform2fv' defined in 'glew32s.lib(glew.obj)' is imported by 'gfx.lib(pointLight.obj)'
LINK : warning LNK4286: symbol '__glewUniform2fv' defined in 'glew32s.lib(glew.obj)' is imported by 'gfx.lib(pointLightGI.obj)'
LINK : warning LNK4217: symbol '__glewUniform4fv' defined in 'glew32s.lib(glew.obj)' is imported by 'gfx.lib(renderer.obj)' in function '"private: void __cdecl renderer::gizmo_pass(struct vec4)" (?gizmo_pass@renderer@@AEAAXUvec4@@@Z)'
LINK : warning LNK4286: symbol '__glewUniform4fv' defined in 'glew32s.lib(glew.obj)' is imported by 'gfx.lib(material.obj)'
LINK : warning LNK4217: symbol '__glewUniformMatrix4fv' defined in 'glew32s.lib(glew.obj)' is imported by 'gfx.lib(renderer.obj)' in function '"private: void __cdecl renderer::gizmo_pass(struct vec4)" (?gizmo_pass@renderer@@AEAAXUvec4@@@Z)'
LINK : warning LNK4286: symbol '__glewUniformMatrix4fv' defined in 'glew32s.lib(glew.obj)' is imported by 'gfx.lib(pointLight.obj)'
LINK : warning LNK4286: symbol '__glewUniformMatrix4fv' defined in 'glew32s.lib(glew.obj)' is imported by 'gfx.lib(material.obj)'
LINK : warning LNK4286: symbol '__glewUniformMatrix4fv' defined in 'glew32s.lib(glew.obj)' is imported by 'gfx.lib(pointLightGI.obj)'
LINK : warning LNK4217: symbol '__glewUseProgram' defined in 'glew32s.lib(glew.obj)' is imported by 'gfx.lib(renderer.obj)' in function '"private: void __cdecl renderer::gizmo_pass(struct vec4)" (?gizmo_pass@renderer@@AEAAXUvec4@@@Z)'
LINK : warning LNK4286: symbol '__glewUseProgram' defined in 'glew32s.lib(glew.obj)' is imported by 'gfx.lib(pointLight.obj)'
LINK : warning LNK4286: symbol '__glewUseProgram' defined in 'glew32s.lib(glew.obj)' is imported by 'gfx.lib(material.obj)'
LINK : warning LNK4286: symbol '__glewUseProgram' defined in 'glew32s.lib(glew.obj)' is imported by 'gfx.lib(pointLightGI.obj)'
LINK : warning LNK4217: symbol '__glewFramebufferTexture' defined in 'glew32s.lib(glew.obj)' is imported by 'gfx.lib(renderer.obj)' in function '"private: void __cdecl renderer::initFrameBuffers(void)" (?initFrameBuffers@renderer@@AEAAXXZ)'
LINK : warning LNK4286: symbol '__glewFramebufferTexture' defined in 'glew32s.lib(glew.obj)' is imported by 'gfx.lib(pointLightGI.obj)'
LINK : warning LNK4217: symbol '__glewCreateFramebuffers' defined in 'glew32s.lib(glew.obj)' is imported by 'gfx.lib(renderer.obj)' in function '"private: void __cdecl renderer::initFrameBuffers(void)" (?initFrameBuffers@renderer@@AEAAXXZ)'
LINK : warning LNK4286: symbol '__glewCreateFramebuffers' defined in 'glew32s.lib(glew.obj)' is imported by 'gfx.lib(pointLightGI.obj)'
LINK : warning LNK4217: symbol '__glewBindFramebuffer' defined in 'glew32s.lib(glew.obj)' is imported by 'gfx.lib(renderer.obj)' in function '"private: void __cdecl renderer::gizmo_pass(struct vec4)" (?gizmo_pass@renderer@@AEAAXUvec4@@@Z)'
LINK : warning LNK4286: symbol '__glewBindFramebuffer' defined in 'glew32s.lib(glew.obj)' is imported by 'gfx.lib(pointLight.obj)'
LINK : warning LNK4286: symbol '__glewBindFramebuffer' defined in 'glew32s.lib(glew.obj)' is imported by 'gfx.lib(pointLightGI.obj)'
LINK : warning LNK4217: symbol '__glewDeleteFramebuffers' defined in 'glew32s.lib(glew.obj)' is imported by 'gfx.lib(renderer.obj)' in function '"private: __cdecl renderer::~renderer(void)" (??1renderer@@AEAA@XZ)'
LINK : warning LNK4286: symbol '__glewDeleteFramebuffers' defined in 'glew32s.lib(glew.obj)' is imported by 'gfx.lib(light.obj)'
LINK : warning LNK4286: symbol '__glewDeleteFramebuffers' defined in 'glew32s.lib(glew.obj)' is imported by 'gfx.lib(pointLightGI.obj)'
LINK : warning LNK4217: symbol '__glewUniform1f' defined in 'glew32s.lib(glew.obj)' is imported by 'gfx.lib(pointLight.obj)' in function '"protected: void __cdecl pointLight::pointLightPreDraw_UniformSetup(class renderer const *,struct texture * * const,unsigned int)const " (?pointLightPreDraw_UniformSetup@pointLight@@IEBAXPEBVrenderer@@QEAPEAUtexture@@I@Z)'
LINK : warning LNK4286: symbol '__glewUniform1f' defined in 'glew32s.lib(glew.obj)' is imported by 'gfx.lib(material.obj)'
LINK : warning LNK4286: symbol '__glewUniform1f' defined in 'glew32s.lib(glew.obj)' is imported by 'gfx.lib(pointLightGI.obj)'
LINK : warning LNK4217: symbol '__glewUniform3fv' defined in 'glew32s.lib(glew.obj)' is imported by 'gfx.lib(pointLight.obj)' in function '"protected: void __cdecl pointLight::pointLightPreDraw_UniformSetup(class renderer const *,struct texture * * const,unsigned int)const " (?pointLightPreDraw_UniformSetup@pointLight@@IEBAXPEBVrenderer@@QEAPEAUtexture@@I@Z)'
LINK : warning LNK4286: symbol '__glewUniform3fv' defined in 'glew32s.lib(glew.obj)' is imported by 'gfx.lib(pointLightGI.obj)'
LINK : warning LNK4217: symbol '__glewFramebufferTexture2D' defined in 'glew32s.lib(glew.obj)' is imported by 'gfx.lib(pointLight.obj)' in function '"private: void __cdecl pointLight::render_Cube_side(int,struct vec3,class std::vector<class texture *,class std::allocator<class texture *> >,unsigned int,bool)" (?render_Cube_side@pointLight@@AEAAXHUvec3@@V?$vector@PEAVtexture@@V?$allocator@PEAVtexture@@@std@@@std@@I_N@Z)'
LINK : warning LNK4217: symbol '__glewBindBuffer' defined in 'glew32s.lib(glew.obj)' is imported by 'gfx.lib(mesh.obj)' in function '"protected: void __cdecl mesh::BufferData(struct mesh::bufferArgs &)" (?BufferData@mesh@@IEAAXAEAUbufferArgs@1@@Z)'
LINK : warning LNK4217: symbol '__glewBufferData' defined in 'glew32s.lib(glew.obj)' is imported by 'gfx.lib(mesh.obj)' in function '"protected: void __cdecl mesh::BufferData(struct mesh::bufferArgs &)" (?BufferData@mesh@@IEAAXAEAUbufferArgs@1@@Z)'
LINK : warning LNK4217: symbol '__glewDeleteBuffers' defined in 'glew32s.lib(glew.obj)' is imported by 'gfx.lib(mesh.obj)' in function '"public: __cdecl mesh::~mesh(void)" (??1mesh@@QEAA@XZ)'
LINK : warning LNK4217: symbol '__glewGenBuffers' defined in 'glew32s.lib(glew.obj)' is imported by 'gfx.lib(mesh.obj)' in function '"protected: void __cdecl mesh::BufferData(struct mesh::bufferArgs &)" (?BufferData@mesh@@IEAAXAEAUbufferArgs@1@@Z)'
LINK : warning LNK4217: symbol '__glewEnableVertexAttribArray' defined in 'glew32s.lib(glew.obj)' is imported by 'gfx.lib(mesh.obj)' in function '"protected: void __cdecl mesh::BufferData(struct mesh::bufferArgs &)" (?BufferData@mesh@@IEAAXAEAUbufferArgs@1@@Z)'
LINK : warning LNK4217: symbol '__glewVertexAttribPointer' defined in 'glew32s.lib(glew.obj)' is imported by 'gfx.lib(mesh.obj)' in function '"protected: void __cdecl mesh::BufferData(struct mesh::bufferArgs &)" (?BufferData@mesh@@IEAAXAEAUbufferArgs@1@@Z)'
LINK : warning LNK4217: symbol '__glewBindVertexArray' defined in 'glew32s.lib(glew.obj)' is imported by 'gfx.lib(mesh.obj)' in function '"protected: void __cdecl mesh::BufferData(struct mesh::bufferArgs &)" (?BufferData@mesh@@IEAAXAEAUbufferArgs@1@@Z)'
LINK : warning LNK4217: symbol '__glewDeleteVertexArrays' defined in 'glew32s.lib(glew.obj)' is imported by 'gfx.lib(mesh.obj)' in function '"public: __cdecl mesh::~mesh(void)" (??1mesh@@QEAA@XZ)'
LINK : warning LNK4217: symbol '__glewGenVertexArrays' defined in 'glew32s.lib(glew.obj)' is imported by 'gfx.lib(mesh.obj)' in function '"public: __cdecl mesh::mesh(unsigned int)" (??0mesh@@QEAA@I@Z)'
LINK : warning LNK4217: symbol '__glewAttachShader' defined in 'glew32s.lib(glew.obj)' is imported by 'gfx.lib(shader.obj)' in function '"public: bool __cdecl shader::compileShader(void)" (?compileShader@shader@@QEAA_NXZ)'
LINK : warning LNK4217: symbol '__glewCompileShader' defined in 'glew32s.lib(glew.obj)' is imported by 'gfx.lib(shader.obj)' in function '"bool __cdecl shaderTools::CreateShaderObject(unsigned int &,unsigned int,char const *)" (?CreateShaderObject@shaderTools@@YA_NAEAIIPEBD@Z)'
LINK : warning LNK4217: symbol '__glewCreateProgram' defined in 'glew32s.lib(glew.obj)' is imported by 'gfx.lib(shader.obj)' in function '"public: bool __cdecl shader::compileShader(void)" (?compileShader@shader@@QEAA_NXZ)'
LINK : warning LNK4217: symbol '__glewCreateShader' defined in 'glew32s.lib(glew.obj)' is imported by 'gfx.lib(shader.obj)' in function '"bool __cdecl shaderTools::CreateShaderObject(unsigned int &,unsigned int,char const *)" (?CreateShaderObject@shaderTools@@YA_NAEAIIPEBD@Z)'
LINK : warning LNK4217: symbol '__glewDeleteProgram' defined in 'glew32s.lib(glew.obj)' is imported by 'gfx.lib(shader.obj)' in function '"public: __cdecl shader::~shader(void)" (??1shader@@QEAA@XZ)'
LINK : warning LNK4217: symbol '__glewDeleteShader' defined in 'glew32s.lib(glew.obj)' is imported by 'gfx.lib(shader.obj)' in function '"public: __cdecl shader::~shader(void)" (??1shader@@QEAA@XZ)'
LINK : warning LNK4217: symbol '__glewDetachShader' defined in 'glew32s.lib(glew.obj)' is imported by 'gfx.lib(shader.obj)' in function '"public: __cdecl shader::~shader(void)" (??1shader@@QEAA@XZ)'
LINK : warning LNK4217: symbol '__glewGetProgramInfoLog' defined in 'glew32s.lib(glew.obj)' is imported by 'gfx.lib(shader.obj)' in function '"bool __cdecl shaderTools::programLinkStatus(unsigned int &)" (?programLinkStatus@shaderTools@@YA_NAEAI@Z)'
LINK : warning LNK4217: symbol '__glewGetProgramiv' defined in 'glew32s.lib(glew.obj)' is imported by 'gfx.lib(shader.obj)' in function '"bool __cdecl shaderTools::programLinkStatus(unsigned int &)" (?programLinkStatus@shaderTools@@YA_NAEAI@Z)'
LINK : warning LNK4217: symbol '__glewGetShaderInfoLog' defined in 'glew32s.lib(glew.obj)' is imported by 'gfx.lib(shader.obj)' in function '"bool __cdecl shaderTools::shaderCompileStatus(unsigned int &)" (?shaderCompileStatus@shaderTools@@YA_NAEAI@Z)'
LINK : warning LNK4217: symbol '__glewGetShaderiv' defined in 'glew32s.lib(glew.obj)' is imported by 'gfx.lib(shader.obj)' in function '"bool __cdecl shaderTools::shaderCompileStatus(unsigned int &)" (?shaderCompileStatus@shaderTools@@YA_NAEAI@Z)'
LINK : warning LNK4217: symbol '__glewLinkProgram' defined in 'glew32s.lib(glew.obj)' is imported by 'gfx.lib(shader.obj)' in function '"public: bool __cdecl shader::compileShader(void)" (?compileShader@shader@@QEAA_NXZ)'
LINK : warning LNK4217: symbol '__glewShaderSource' defined in 'glew32s.lib(glew.obj)' is imported by 'gfx.lib(shader.obj)' in function '"bool __cdecl shaderTools::CreateShaderObject(unsigned int &,unsigned int,char const *)" (?CreateShaderObject@shaderTools@@YA_NAEAIIPEBD@Z)'
LINK : warning LNK4217: symbol '__glewGenFramebuffers' defined in 'glew32s.lib(glew.obj)' is imported by 'gfx.lib(light.obj)' in function '"public: __cdecl light::light(unsigned int,struct vec2,struct vec3)" (??0light@@QEAA@IUvec2@@Uvec3@@@Z)'
  MusicPlayer.vcxproj -> C:\_myDrive\repos\TigerEngine\x64\Debug\TigerEngine (EXE).exe
  'pwsh.exe' is not recognized as an internal or external command,
  operable program or batch file.
