  main.cpp
C:\_myDrive\repos\TigerEngine\gfx\input.h(176,20): warning C4244: 'argument': conversion from 'double' to 'float', possible loss of data
  (compiling source file 'main.cpp')
  
C:\_myDrive\repos\TigerEngine\gfx\input.h(175,29): warning C4244: 'argument': conversion from 'double' to 'float', possible loss of data
  (compiling source file 'main.cpp')
  
C:\_myDrive\repos\TigerEngine\gfx\input.h(189,29): warning C4267: 'initializing': conversion from 'size_t' to 'int', possible loss of data
  (compiling source file 'main.cpp')
  
C:\_myDrive\repos\TigerEngine\gfx\input.h(197,31): warning C4267: 'initializing': conversion from 'size_t' to 'int', possible loss of data
  (compiling source file 'main.cpp')
  
C:\_myDrive\repos\TigerEngine\gfx\renderer.h(106,34): warning C4267: '=': conversion from 'size_t' to 'int', possible loss of data
  (compiling source file 'main.cpp')
  
C:\_myDrive\repos\TigerEngine\gfxmath\color.h(37,29): warning C4244: 'argument': conversion from 'float' to 'unsigned char', possible loss of data
  (compiling source file 'main.cpp')
  
C:\_myDrive\repos\TigerEngine\gfxmath\color.h(38,20): warning C4244: 'argument': conversion from 'float' to 'unsigned char', possible loss of data
  (compiling source file 'main.cpp')
  
C:\_myDrive\repos\TigerEngine\gfxmath\color.h(39,20): warning C4244: 'argument': conversion from 'float' to 'unsigned char', possible loss of data
  (compiling source file 'main.cpp')
  
C:\_myDrive\repos\TigerEngine\gfxmath\color.h(40,20): warning C4244: 'argument': conversion from 'float' to 'unsigned char', possible loss of data
  (compiling source file 'main.cpp')
  
C:\_myDrive\repos\TigerEngine\gfxmath\color.h(45,29): warning C4244: 'argument': conversion from 'float' to 'unsigned char', possible loss of data
  (compiling source file 'main.cpp')
  
C:\_myDrive\repos\TigerEngine\gfxmath\color.h(46,20): warning C4244: 'argument': conversion from 'float' to 'unsigned char', possible loss of data
  (compiling source file 'main.cpp')
  
C:\_myDrive\repos\TigerEngine\gfxmath\color.h(47,20): warning C4244: 'argument': conversion from 'float' to 'unsigned char', possible loss of data
  (compiling source file 'main.cpp')
  
C:\_myDrive\repos\TigerEngine\gfxmath\color.h(48,20): warning C4244: 'argument': conversion from 'float' to 'unsigned char', possible loss of data
  (compiling source file 'main.cpp')
  
C:\_myDrive\repos\TigerEngine\gfx\scene.h(101,30): warning C4267: '=': conversion from 'size_t' to 'int', possible loss of data
  (compiling source file 'main.cpp')
  
C:\_myDrive\repos\TigerEngine\gfx\gameObject.h(3,10): warning C4067: unexpected tokens following preprocessor directive - expected a newline
  (compiling source file 'main.cpp')
  
C:\Program Files (x86)\Windows Kits\10\Include\10.0.26100.0\shared\minwindef.h(130,9): warning C4005: 'APIENTRY': macro redefinition
  (compiling source file 'main.cpp')
      C:\_myDrive\repos\TigerEngine\include\GLFW\glfw3.h(123,11):
      see previous definition of 'APIENTRY'
  
C:\_myDrive\repos\TigerEngine\TigerEngine (EXE)\main.cpp(95,32): warning C4305: 'argument': truncation from 'double' to 'float'
C:\_myDrive\repos\TigerEngine\TigerEngine (EXE)\main.cpp(109,44): warning C4305: 'argument': truncation from 'double' to 'float'
C:\_myDrive\repos\TigerEngine\TigerEngine (EXE)\main.cpp(119,51): warning C4305: 'argument': truncation from 'double' to 'float'
C:\_myDrive\repos\TigerEngine\TigerEngine (EXE)\main.cpp(126,58): warning C4305: 'argument': truncation from 'double' to 'float'
C:\_myDrive\repos\TigerEngine\TigerEngine (EXE)\main.cpp(126,53): warning C4305: 'argument': truncation from 'double' to 'float'
C:\_myDrive\repos\TigerEngine\TigerEngine (EXE)\main.cpp(126,48): warning C4305: 'argument': truncation from 'double' to 'float'
C:\_myDrive\repos\TigerEngine\TigerEngine (EXE)\main.cpp(137,55): warning C4305: 'argument': truncation from 'double' to 'float'
C:\_myDrive\repos\TigerEngine\TigerEngine (EXE)\main.cpp(137,47): warning C4305: 'argument': truncation from 'double' to 'float'
C:\_myDrive\repos\TigerEngine\TigerEngine (EXE)\main.cpp(145,52): warning C4305: 'argument': truncation from 'double' to 'float'
C:\_myDrive\repos\TigerEngine\TigerEngine (EXE)\main.cpp(152,65): warning C4305: 'argument': truncation from 'double' to 'float'
C:\_myDrive\repos\TigerEngine\TigerEngine (EXE)\main.cpp(152,55): warning C4305: 'argument': truncation from 'double' to 'float'
C:\_myDrive\repos\TigerEngine\TigerEngine (EXE)\main.cpp(206,54): warning C4305: 'argument': truncation from 'double' to 'float'
  TigerEngine (EXE).vcxproj -> C:\_myDrive\repos\TigerEngine\x64\Debug\TigerEngine (EXE).exe
  'pwsh.exe' is not recognized as an internal or external command,
  operable program or batch file.
