c:\users\igor_a\documents\visual studio 2015\projects\musicplayer\gfx\release\gfx.pdb
c:\users\igor_a\documents\visual studio 2015\projects\musicplayer\gfx\release\voxelgicore.obj
c:\users\igor_a\documents\visual studio 2015\projects\musicplayer\gfx\release\transform.obj
c:\users\igor_a\documents\visual studio 2015\projects\musicplayer\gfx\release\texture.obj
c:\users\igor_a\documents\visual studio 2015\projects\musicplayer\gfx\release\shader.obj
c:\users\igor_a\documents\visual studio 2015\projects\musicplayer\gfx\release\scene.obj
c:\users\igor_a\documents\visual studio 2015\projects\musicplayer\gfx\release\repositories.obj
c:\users\igor_a\documents\visual studio 2015\projects\musicplayer\gfx\release\renderer.obj
c:\users\igor_a\documents\visual studio 2015\projects\musicplayer\gfx\release\pointlightgi.obj
c:\users\igor_a\documents\visual studio 2015\projects\musicplayer\gfx\release\pointlight.obj
c:\users\igor_a\documents\visual studio 2015\projects\musicplayer\gfx\release\mesh.obj
c:\users\igor_a\documents\visual studio 2015\projects\musicplayer\gfx\release\material.obj
c:\users\igor_a\documents\visual studio 2015\projects\musicplayer\gfx\release\light.obj
c:\users\igor_a\documents\visual studio 2015\projects\musicplayer\gfx\release\input.obj
c:\users\igor_a\documents\visual studio 2015\projects\musicplayer\gfx\release\gameobject.obj
c:\users\igor_a\documents\visual studio 2015\projects\musicplayer\gfx\release\frustum.obj
c:\users\igor_a\documents\visual studio 2015\projects\musicplayer\gfx\release\framework.obj
c:\users\igor_a\documents\visual studio 2015\projects\musicplayer\gfx\release\component.obj
c:\users\igor_a\documents\visual studio 2015\projects\musicplayer\gfx\release\camera.obj
c:\users\igor_a\documents\visual studio 2015\projects\musicplayer\gfx\release\basic_rotator.obj
c:\users\igor_a\documents\visual studio 2015\projects\musicplayer\gfx\release\basic_navigator.obj
c:\users\igor_a\documents\visual studio 2015\projects\musicplayer\gfx\release\window.obj
c:\users\igor_a\documents\visual studio 2015\projects\musicplayer\release\gfx.lib
c:\users\igor_a\documents\visual studio 2015\projects\musicplayer\gfx\release\gfx.tlog\cl.command.1.tlog
c:\users\igor_a\documents\visual studio 2015\projects\musicplayer\gfx\release\gfx.tlog\cl.read.1.tlog
c:\users\igor_a\documents\visual studio 2015\projects\musicplayer\gfx\release\gfx.tlog\cl.write.1.tlog
c:\users\igor_a\documents\visual studio 2015\projects\musicplayer\gfx\release\gfx.tlog\lib-link.read.1.tlog
c:\users\igor_a\documents\visual studio 2015\projects\musicplayer\gfx\release\gfx.tlog\lib-link.write.1.tlog
c:\users\igor_a\documents\visual studio 2015\projects\musicplayer\gfx\release\gfx.tlog\lib.command.1.tlog
