  pointLightGI.cpp
c:\users\igor_a\documents\visual studio 2015\projects\musicplayer\gfx\input.h(180): warning C4244: 'argument': conversion from 'double' to 'float', possible loss of data
c:\users\igor_a\documents\visual studio 2015\projects\musicplayer\gfx\../gfxmath/color.h(37): warning C4244: 'argument': conversion from 'float' to 'unsigned char', possible loss of data
c:\users\igor_a\documents\visual studio 2015\projects\musicplayer\gfx\../gfxmath/color.h(38): warning C4244: 'argument': conversion from 'float' to 'unsigned char', possible loss of data
c:\users\igor_a\documents\visual studio 2015\projects\musicplayer\gfx\../gfxmath/color.h(39): warning C4244: 'argument': conversion from 'float' to 'unsigned char', possible loss of data
c:\users\igor_a\documents\visual studio 2015\projects\musicplayer\gfx\../gfxmath/color.h(40): warning C4244: 'argument': conversion from 'float' to 'unsigned char', possible loss of data
c:\users\igor_a\documents\visual studio 2015\projects\musicplayer\gfx\../gfxmath/color.h(45): warning C4244: 'argument': conversion from 'float' to 'unsigned char', possible loss of data
c:\users\igor_a\documents\visual studio 2015\projects\musicplayer\gfx\../gfxmath/color.h(46): warning C4244: 'argument': conversion from 'float' to 'unsigned char', possible loss of data
c:\users\igor_a\documents\visual studio 2015\projects\musicplayer\gfx\../gfxmath/color.h(47): warning C4244: 'argument': conversion from 'float' to 'unsigned char', possible loss of data
c:\users\igor_a\documents\visual studio 2015\projects\musicplayer\gfx\../gfxmath/color.h(48): warning C4244: 'argument': conversion from 'float' to 'unsigned char', possible loss of data
C:\Program Files (x86)\Windows Kits\8.1\Include\shared\minwindef.h(130): warning C4005: 'APIENTRY': macro redefinition
  C:\Users\Igor_a\documents\visual studio 2015\Projects\MusicPlayer\include\GLFW\glfw3.h(85): note: see previous definition of 'APIENTRY'
c:\users\igor_a\documents\visual studio 2015\projects\musicplayer\gfx\texture.h(17): warning C4099: 'texture': type name first seen using 'class' now seen using 'struct'
  c:\users\igor_a\documents\visual studio 2015\projects\musicplayer\gfx\texture.h(17): note: see declaration of 'texture'
pointLightGI.cpp(343): warning C4244: 'initializing': conversion from 'int' to 'float', possible loss of data
pointLightGI.cpp(344): warning C4244: 'initializing': conversion from 'int' to 'float', possible loss of data
pointLightGI.cpp(357): warning C4244: 'argument': conversion from 'float' to 'size_t', possible loss of data
pointLightGI.cpp(367): warning C4244: 'argument': conversion from 'float' to 'size_t', possible loss of data
pointLightGI.cpp(373): warning C4244: 'argument': conversion from 'float' to 'GLsizei', possible loss of data
pointLightGI.cpp(502): warning C4244: 'argument': conversion from 'size_t' to 'float', possible loss of data
pointLightGI.cpp(696): warning C4244: 'initializing': conversion from 'int' to 'float', possible loss of data
pointLightGI.cpp(697): warning C4244: 'initializing': conversion from 'int' to 'float', possible loss of data
  gfx.vcxproj -> C:\Users\Igor_a\documents\visual studio 2015\Projects\MusicPlayer\Release\gfx.lib
